d:\djgpp\msvc15\build\debug\allegro.lib
d:\djgpp\msvc15\build\debug\allegro.exp
d:\djgpp\msvc15\build\allegro_win32\allegro\debug\vc141.pdb
d:\djgpp\msvc15\build\allegro_win32\allegro\debug\vc141.idb
d:\djgpp\msvc15\build\allegro_win32\allegro\debug\cmisc.obj
d:\djgpp\msvc15\build\allegro_win32\allegro\debug\cgfx8.obj
d:\djgpp\msvc15\build\allegro_win32\allegro\debug\cgfx32.obj
d:\djgpp\msvc15\build\allegro_win32\allegro\debug\cgfx24.obj
d:\djgpp\msvc15\build\allegro_win32\allegro\debug\cgfx16.obj
d:\djgpp\msvc15\build\allegro_win32\allegro\debug\cgfx15.obj
d:\djgpp\msvc15\build\allegro_win32\allegro\debug\ccsprite.obj
d:\djgpp\msvc15\build\allegro_win32\allegro\debug\ccpu.obj
d:\djgpp\msvc15\build\allegro_win32\allegro\debug\cblit8.obj
d:\djgpp\msvc15\build\allegro_win32\allegro\debug\cblit32.obj
d:\djgpp\msvc15\build\allegro_win32\allegro\debug\cblit24.obj
d:\djgpp\msvc15\build\allegro_win32\allegro\debug\cblit16.obj
d:\djgpp\msvc15\build\allegro_win32\allegro\debug\config.obj
d:\djgpp\msvc15\build\allegro_win32\allegro\debug\color.obj
d:\djgpp\msvc15\build\allegro_win32\allegro\debug\colblend.obj
d:\djgpp\msvc15\build\allegro_win32\allegro\debug\clip3df.obj
d:\djgpp\msvc15\build\allegro_win32\allegro\debug\clip3d.obj
d:\djgpp\msvc15\build\allegro_win32\allegro\debug\bmp.obj
d:\djgpp\msvc15\build\allegro_win32\allegro\debug\blit.obj
d:\djgpp\msvc15\build\allegro_win32\allegro\debug\allegro.obj
d:\djgpp\msvc15\build\allegro_win32\allegro\debug\dispsw.obj
d:\djgpp\msvc15\build\allegro_win32\allegro\debug\digmid.obj
d:\djgpp\msvc15\build\allegro_win32\allegro\debug\dataregi.obj
d:\djgpp\msvc15\build\allegro_win32\allegro\debug\datafile.obj
d:\djgpp\msvc15\build\allegro_win32\allegro\debug\czscan8.obj
d:\djgpp\msvc15\build\allegro_win32\allegro\debug\czscan32.obj
d:\djgpp\msvc15\build\allegro_win32\allegro\debug\czscan24.obj
d:\djgpp\msvc15\build\allegro_win32\allegro\debug\czscan16.obj
d:\djgpp\msvc15\build\allegro_win32\allegro\debug\czscan15.obj
d:\djgpp\msvc15\build\allegro_win32\allegro\debug\cstretch.obj
d:\djgpp\msvc15\build\allegro_win32\allegro\debug\cspr8.obj
d:\djgpp\msvc15\build\allegro_win32\allegro\debug\cspr32.obj
d:\djgpp\msvc15\build\allegro_win32\allegro\debug\cspr24.obj
d:\djgpp\msvc15\build\allegro_win32\allegro\debug\cspr16.obj
d:\djgpp\msvc15\build\allegro_win32\allegro\debug\cspr15.obj
d:\djgpp\msvc15\build\allegro_win32\allegro\debug\cscan8.obj
d:\djgpp\msvc15\build\allegro_win32\allegro\debug\cscan32.obj
d:\djgpp\msvc15\build\allegro_win32\allegro\debug\cscan24.obj
d:\djgpp\msvc15\build\allegro_win32\allegro\debug\cscan16.obj
d:\djgpp\msvc15\build\allegro_win32\allegro\debug\cscan15.obj
d:\djgpp\msvc15\build\allegro_win32\allegro\debug\joystick.obj
d:\djgpp\msvc15\build\allegro_win32\allegro\debug\inline.obj
d:\djgpp\msvc15\build\allegro_win32\allegro\debug\guiproc.obj
d:\djgpp\msvc15\build\allegro_win32\allegro\debug\gui.obj
d:\djgpp\msvc15\build\allegro_win32\allegro\debug\gsprite.obj
d:\djgpp\msvc15\build\allegro_win32\allegro\debug\graphics.obj
d:\djgpp\msvc15\build\allegro_win32\allegro\debug\glyph.obj
d:\djgpp\msvc15\build\allegro_win32\allegro\debug\gfx.obj
d:\djgpp\msvc15\build\allegro_win32\allegro\debug\fsel.obj
d:\djgpp\msvc15\build\allegro_win32\allegro\debug\fonttxt.obj
d:\djgpp\msvc15\build\allegro_win32\allegro\debug\fontgrx.obj
d:\djgpp\msvc15\build\allegro_win32\allegro\debug\fontdat.obj
d:\djgpp\msvc15\build\allegro_win32\allegro\debug\fontbmp.obj
d:\djgpp\msvc15\build\allegro_win32\allegro\debug\fontbios.obj
d:\djgpp\msvc15\build\allegro_win32\allegro\debug\font.obj
d:\djgpp\msvc15\build\allegro_win32\allegro\debug\flood.obj
d:\djgpp\msvc15\build\allegro_win32\allegro\debug\fli.obj
d:\djgpp\msvc15\build\allegro_win32\allegro\debug\file.obj
d:\djgpp\msvc15\build\allegro_win32\allegro\debug\drvlist.obj
d:\djgpp\msvc15\build\allegro_win32\allegro\debug\dither.obj
d:\djgpp\msvc15\build\allegro_win32\allegro\debug\readsmp.obj
d:\djgpp\msvc15\build\allegro_win32\allegro\debug\readfont.obj
d:\djgpp\msvc15\build\allegro_win32\allegro\debug\readbmp.obj
d:\djgpp\msvc15\build\allegro_win32\allegro\debug\quat.obj
d:\djgpp\msvc15\build\allegro_win32\allegro\debug\quantize.obj
d:\djgpp\msvc15\build\allegro_win32\allegro\debug\polygon.obj
d:\djgpp\msvc15\build\allegro_win32\allegro\debug\poly3d.obj
d:\djgpp\msvc15\build\allegro_win32\allegro\debug\pcx.obj
d:\djgpp\msvc15\build\allegro_win32\allegro\debug\mouse.obj
d:\djgpp\msvc15\build\allegro_win32\allegro\debug\modesel.obj
d:\djgpp\msvc15\build\allegro_win32\allegro\debug\mixer.obj
d:\djgpp\msvc15\build\allegro_win32\allegro\debug\colconv.obj
d:\djgpp\msvc15\build\allegro_win32\allegro\debug\ccolconv.obj
d:\djgpp\msvc15\build\allegro_win32\allegro\debug\midi.obj
d:\djgpp\msvc15\build\allegro_win32\allegro\debug\math3d.obj
d:\djgpp\msvc15\build\allegro_win32\allegro\debug\math.obj
d:\djgpp\msvc15\build\allegro_win32\allegro\debug\lzss.obj
d:\djgpp\msvc15\build\allegro_win32\allegro\debug\libc.obj
d:\djgpp\msvc15\build\allegro_win32\allegro\debug\lbm.obj
d:\djgpp\msvc15\build\allegro_win32\allegro\debug\keyboard.obj
d:\djgpp\msvc15\build\allegro_win32\allegro\debug\wddbmpl.obj
d:\djgpp\msvc15\build\allegro_win32\allegro\debug\wddbmp.obj
d:\djgpp\msvc15\build\allegro_win32\allegro\debug\wddaccel.obj
d:\djgpp\msvc15\build\allegro_win32\allegro\debug\gdi.obj
d:\djgpp\msvc15\build\allegro_win32\allegro\debug\vtable8.obj
d:\djgpp\msvc15\build\allegro_win32\allegro\debug\vtable32.obj
d:\djgpp\msvc15\build\allegro_win32\allegro\debug\vtable24.obj
d:\djgpp\msvc15\build\allegro_win32\allegro\debug\vtable16.obj
d:\djgpp\msvc15\build\allegro_win32\allegro\debug\vtable15.obj
d:\djgpp\msvc15\build\allegro_win32\allegro\debug\vtable.obj
d:\djgpp\msvc15\build\allegro_win32\allegro\debug\unicode.obj
d:\djgpp\msvc15\build\allegro_win32\allegro\debug\timer.obj
d:\djgpp\msvc15\build\allegro_win32\allegro\debug\tga.obj
d:\djgpp\msvc15\build\allegro_win32\allegro\debug\text.obj
d:\djgpp\msvc15\build\allegro_win32\allegro\debug\stream.obj
d:\djgpp\msvc15\build\allegro_win32\allegro\debug\spline.obj
d:\djgpp\msvc15\build\allegro_win32\allegro\debug\sound.obj
d:\djgpp\msvc15\build\allegro_win32\allegro\debug\scene3d.obj
d:\djgpp\msvc15\build\allegro_win32\allegro\debug\rotate.obj
d:\djgpp\msvc15\build\allegro_win32\allegro\debug\rle.obj
d:\djgpp\msvc15\build\allegro_win32\allegro\debug\wkeybd.obj
d:\djgpp\msvc15\build\allegro_win32\allegro\debug\wjoyw32.obj
d:\djgpp\msvc15\build\allegro_win32\allegro\debug\wjoyhelp.obj
d:\djgpp\msvc15\build\allegro_win32\allegro\debug\wjoydx.obj
d:\djgpp\msvc15\build\allegro_win32\allegro\debug\wjoydrv.obj
d:\djgpp\msvc15\build\allegro_win32\allegro\debug\winput.obj
d:\djgpp\msvc15\build\allegro_win32\allegro\debug\wgfxdrv.obj
d:\djgpp\msvc15\build\allegro_win32\allegro\debug\wgdi.obj
d:\djgpp\msvc15\build\allegro_win32\allegro\debug\wfile.obj
d:\djgpp\msvc15\build\allegro_win32\allegro\debug\wdxver.obj
d:\djgpp\msvc15\build\allegro_win32\allegro\debug\wdsound.obj
d:\djgpp\msvc15\build\allegro_win32\allegro\debug\wdsndmix.obj
d:\djgpp\msvc15\build\allegro_win32\allegro\debug\wdsinput.obj
d:\djgpp\msvc15\build\allegro_win32\allegro\debug\wdispsw.obj
d:\djgpp\msvc15\build\allegro_win32\allegro\debug\wddwin.obj
d:\djgpp\msvc15\build\allegro_win32\allegro\debug\wddraw.obj
d:\djgpp\msvc15\build\allegro_win32\allegro\debug\wddovl.obj
d:\djgpp\msvc15\build\allegro_win32\allegro\debug\wddmode.obj
d:\djgpp\msvc15\build\allegro_win32\allegro\debug\wddlock.obj
d:\djgpp\msvc15\build\allegro_win32\allegro\debug\wddfull.obj
d:\djgpp\msvc15\build\allegro_win32\allegro\debug\wwnd.obj
d:\djgpp\msvc15\build\allegro_win32\allegro\debug\wtimer.obj
d:\djgpp\msvc15\build\allegro_win32\allegro\debug\wthread.obj
d:\djgpp\msvc15\build\allegro_win32\allegro\debug\wsystem.obj
d:\djgpp\msvc15\build\allegro_win32\allegro\debug\wsndwo.obj
d:\djgpp\msvc15\build\allegro_win32\allegro\debug\wsnddrv.obj
d:\djgpp\msvc15\build\allegro_win32\allegro\debug\wmouse.obj
d:\djgpp\msvc15\build\allegro_win32\allegro\debug\wmidi.obj
d:\djgpp\msvc15\build\debug\allegro.ilk
d:\djgpp\msvc15\build\debug\allegro.dll
d:\djgpp\msvc15\build\debug\allegro.map
d:\djgpp\msvc15\build\debug\allegro.pdb
d:\djgpp\msvc15\build\allegro_win32\allegro\debug\dllver.res
d:\djgpp\msvc15\build\allegro_win32\allegro\..\..\debug\allegro.dll
d:\djgpp\msvc15\build\allegro_win32\allegro\debug\allegro.tlog\allegro.write.1u.tlog
d:\djgpp\msvc15\build\allegro_win32\allegro\debug\allegro.tlog\cl.command.1.tlog
d:\djgpp\msvc15\build\allegro_win32\allegro\debug\allegro.tlog\cl.read.1.tlog
d:\djgpp\msvc15\build\allegro_win32\allegro\debug\allegro.tlog\cl.write.1.tlog
d:\djgpp\msvc15\build\allegro_win32\allegro\debug\allegro.tlog\link.command.1.tlog
d:\djgpp\msvc15\build\allegro_win32\allegro\debug\allegro.tlog\link.read.1.tlog
d:\djgpp\msvc15\build\allegro_win32\allegro\debug\allegro.tlog\link.write.1.tlog
d:\djgpp\msvc15\build\allegro_win32\allegro\debug\allegro.tlog\rc.command.1.tlog
d:\djgpp\msvc15\build\allegro_win32\allegro\debug\allegro.tlog\rc.read.1.tlog
d:\djgpp\msvc15\build\allegro_win32\allegro\debug\allegro.tlog\rc.write.1.tlog
