  allegro.c
  blit.c
  bmp.c
  clip3d.c
  clip3df.c
  colblend.c
  color.c
  config.c
d:\djgpp\msvc15\src\config.c(1514): warning C4090: '함수': 'const' 한정자가 서로 다릅니다.
  cblit16.c
  cblit24.c
  cblit32.c
  cblit8.c
  ccpu.c
  ccsprite.c
  cgfx15.c
  cgfx16.c
  cgfx24.c
  cgfx32.c
  cgfx8.c
  cmisc.c
  코드를 생성하고 있습니다...
  컴파일하고 있습니다...
  cscan15.c
  cscan16.c
  cscan24.c
  cscan32.c
  cscan8.c
  cspr15.c
  cspr16.c
  cspr24.c
  cspr32.c
  cspr8.c
  cstretch.c
  czscan15.c
  czscan16.c
  czscan24.c
  czscan32.c
  czscan8.c
  datafile.c
  dataregi.c
  digmid.c
  dispsw.c
  코드를 생성하고 있습니다...
  컴파일하고 있습니다...
  dither.c
  drvlist.c
  file.c
  fli.c
  flood.c
  font.c
  fontbios.c
  fontbmp.c
  fontdat.c
  fontgrx.c
  fonttxt.c
  fsel.c
  gfx.c
  glyph.c
  graphics.c
  gsprite.c
  gui.c
  guiproc.c
  inline.c
  joystick.c
  코드를 생성하고 있습니다...
  컴파일하고 있습니다...
  keyboard.c
  lbm.c
  libc.c
  lzss.c
  math.c
  math3d.c
  midi.c
  ccolconv.c
  colconv.c
  mixer.c
  modesel.c
  mouse.c
  pcx.c
  poly3d.c
  polygon.c
  quantize.c
  quat.c
  readbmp.c
  readfont.c
  readsmp.c
  코드를 생성하고 있습니다...
  컴파일하고 있습니다...
  rle.c
  rotate.c
  scene3d.c
  sound.c
  spline.c
  stream.c
  text.c
  tga.c
  timer.c
  unicode.c
  vtable.c
  vtable15.c
  vtable16.c
  vtable24.c
  vtable32.c
  vtable8.c
  gdi.c
  wddaccel.c
  wddbmp.c
  wddbmpl.c
  코드를 생성하고 있습니다...
  컴파일하고 있습니다...
  wddfull.c
  wddlock.c
  wddmode.c
  wddovl.c
  wddraw.c
  wddwin.c
  wdispsw.c
  wdsinput.c
  wdsndmix.c
  wdsound.c
  wdxver.c
  wfile.c
  wgdi.c
  wgfxdrv.c
  winput.c
  wjoydrv.c
  wjoydx.c
  wjoyhelp.c
  wjoyw32.c
  wkeybd.c
  코드를 생성하고 있습니다...
  컴파일하고 있습니다...
  wmidi.c
  wmouse.c
  wsnddrv.c
  wsndwo.c
  wsystem.c
  wthread.c
  wtimer.c
  wwnd.c
  코드를 생성하고 있습니다...
allegro.obj : warning LNK4075: '/EDITANDCONTINUE'이(가) '/SAFESEH' 사양으로 인해 무시됩니다.
     D:\djgpp\msvc15\build\Debug\\allegro.lib 라이브러리 및 D:\djgpp\msvc15\build\Debug\\allegro.exp 개체를 생성하고 있습니다.
  allegro.vcxproj -> D:\djgpp\msvc15\build\allegro_win32\allegro\..\..\Debug\allegro.dll
